<?xml version="1.0" encoding="UTF-8"?>
<testng-results ignored="2" total="3" passed="0" failed="1" skipped="0">
  <reporter-output>
  </reporter-output>
  <suite started-at="2022-01-07T22:40:16 IST" name="Default suite" finished-at="2022-01-07T22:40:19 IST" duration-ms="3024">
    <groups>
    </groups>
    <test started-at="2022-01-07T22:40:16 IST" name="Default test" finished-at="2022-01-07T22:40:19 IST" duration-ms="3024">
      <class name="com.ibm.training.GitHub_RestAssured_Project.GitHub_RestAssured_Project">
        <test-method is-config="true" signature="Setup()[pri:0, instance:com.ibm.training.GitHub_RestAssured_Project.GitHub_RestAssured_Project@693fe6c9]" started-at="2022-01-07T22:40:16 IST" name="Setup" finished-at="2022-01-07T22:40:17 IST" duration-ms="798" status="PASS">
          <reporter-output>
          </reporter-output>
        </test-method> <!-- Setup -->
        <test-method signature="sshKeyPost_Request()[pri:1, instance:com.ibm.training.GitHub_RestAssured_Project.GitHub_RestAssured_Project@693fe6c9]" started-at="2022-01-07T22:40:17 IST" name="sshKeyPost_Request" finished-at="2022-01-07T22:40:19 IST" duration-ms="2185" status="FAIL">
          <exception class="java.lang.NullPointerException">
            <message>
              <![CDATA[Cannot invoke "java.lang.Integer.intValue()" because the return value of "io.restassured.response.ExtractableResponse.path(String, String[])" is null]]>
            </message>
            <full-stacktrace>
              <![CDATA[java.lang.NullPointerException: Cannot invoke "java.lang.Integer.intValue()" because the return value of "io.restassured.response.ExtractableResponse.path(String, String[])" is null
at com.ibm.training.GitHub_RestAssured_Project.GitHub_RestAssured_Project.sshKeyPost_Request(GitHub_RestAssured_Project.java:48)
at java.base/jdk.internal.reflect.NativeMethodAccessorImpl.invoke0(Native Method)
at java.base/jdk.internal.reflect.NativeMethodAccessorImpl.invoke(NativeMethodAccessorImpl.java:78)
at java.base/jdk.internal.reflect.DelegatingMethodAccessorImpl.invoke(DelegatingMethodAccessorImpl.java:43)
at java.base/java.lang.reflect.Method.invoke(Method.java:567)
at org.testng.internal.MethodInvocationHelper.invokeMethod(MethodInvocationHelper.java:133)
at org.testng.internal.TestInvoker.invokeMethod(TestInvoker.java:598)
at org.testng.internal.TestInvoker.invokeTestMethod(TestInvoker.java:173)
at org.testng.internal.MethodRunner.runInSequence(MethodRunner.java:46)
at org.testng.internal.TestInvoker$MethodInvocationAgent.invoke(TestInvoker.java:824)
at org.testng.internal.TestInvoker.invokeTestMethods(TestInvoker.java:146)
at org.testng.internal.TestMethodWorker.invokeTestMethods(TestMethodWorker.java:146)
at org.testng.internal.TestMethodWorker.run(TestMethodWorker.java:128)
at java.base/java.util.ArrayList.forEach(ArrayList.java:1511)
at org.testng.TestRunner.privateRun(TestRunner.java:794)
at org.testng.TestRunner.run(TestRunner.java:596)
at org.testng.SuiteRunner.runTest(SuiteRunner.java:377)
at org.testng.SuiteRunner.runSequentially(SuiteRunner.java:371)
at org.testng.SuiteRunner.privateRun(SuiteRunner.java:332)
at org.testng.SuiteRunner.run(SuiteRunner.java:276)
at org.testng.SuiteRunnerWorker.runSuite(SuiteRunnerWorker.java:53)
at org.testng.SuiteRunnerWorker.run(SuiteRunnerWorker.java:96)
at org.testng.TestNG.runSuitesSequentially(TestNG.java:1212)
at org.testng.TestNG.runSuitesLocally(TestNG.java:1134)
at org.testng.TestNG.runSuites(TestNG.java:1063)
at org.testng.TestNG.run(TestNG.java:1031)
at org.testng.remote.AbstractRemoteTestNG.run(AbstractRemoteTestNG.java:115)
at org.testng.remote.RemoteTestNG.initAndRun(RemoteTestNG.java:251)
at org.testng.remote.RemoteTestNG.main(RemoteTestNG.java:77)
]]>
            </full-stacktrace>
          </exception> <!-- java.lang.NullPointerException -->
          <reporter-output>
          </reporter-output>
        </test-method> <!-- sshKeyPost_Request -->
        <test-method is-config="true" signature="afterClass()[pri:0, instance:com.ibm.training.GitHub_RestAssured_Project.GitHub_RestAssured_Project@693fe6c9]" started-at="2022-01-07T22:40:19 IST" name="afterClass" finished-at="2022-01-07T22:40:19 IST" duration-ms="0" status="PASS">
          <reporter-output>
          </reporter-output>
        </test-method> <!-- afterClass -->
      </class> <!-- com.ibm.training.GitHub_RestAssured_Project.GitHub_RestAssured_Project -->
    </test> <!-- Default test -->
  </suite> <!-- Default suite -->
</testng-results>
