<?xml version="1.0" encoding="UTF-8"?>
<testng-results ignored="2" total="3" passed="1" failed="0" skipped="0">
  <reporter-output>
  </reporter-output>
  <suite started-at="2022-01-06T23:20:19 IST" name="Default suite" finished-at="2022-01-06T23:20:23 IST" duration-ms="4397">
    <groups>
    </groups>
    <test started-at="2022-01-06T23:20:19 IST" name="Default test" finished-at="2022-01-06T23:20:23 IST" duration-ms="4397">
      <class name="Activities.Activity2">
        <test-method signature="GetRequest()[pri:2, instance:Activities.Activity2@732c2a62]" started-at="2022-01-06T23:20:19 IST" name="GetRequest" finished-at="2022-01-06T23:20:23 IST" duration-ms="4347" status="PASS">
          <reporter-output>
          </reporter-output>
        </test-method> <!-- GetRequest -->
      </class> <!-- Activities.Activity2 -->
    </test> <!-- Default test -->
  </suite> <!-- Default suite -->
</testng-results>
