<?xml version="1.0" encoding="UTF-8"?>
<!-- Generated by org.testng.reporters.JUnitXMLReporter -->
<testsuite ignored="2" hostname="NBSB05221W-TP" failures="0" tests="1" name="Default test" time="4.397" errors="0" timestamp="2022-01-06T23:20:24 IST">
  <testcase classname="Activities.Activity2" name="GetRequest" time="4.347"/>
  <testcase classname="Activities.Activity2" name="PostRequest" time="0.0">
    <ignored/>
  </testcase> <!-- PostRequest -->
  <testcase classname="Activities.Activity2" name="DeleteRequest" time="0.0">
    <ignored/>
  </testcase> <!-- DeleteRequest -->
</testsuite> <!-- Default test -->
